[debug] [2017-11-04T17:49:58.706Z] ----------------------------------------------------------------------
[debug] [2017-11-04T17:49:58.708Z] Command:       C:\Program Files\nodejs\node.exe C:\Users\neron\AppData\Roaming\npm\node_modules\firebase-tools\bin\firebase deploy
[debug] [2017-11-04T17:49:58.709Z] CLI Version:   3.13.1
[debug] [2017-11-04T17:49:58.709Z] Platform:      win32
[debug] [2017-11-04T17:49:58.709Z] Node Version:  v6.11.3
[debug] [2017-11-04T17:49:58.709Z] Time:          Sat Nov 04 2017 13:49:58 GMT-0400 (Eastern Daylight Time)
[debug] [2017-11-04T17:49:58.709Z] ----------------------------------------------------------------------
[debug] 
[debug] [2017-11-04T17:49:58.725Z] > command requires scopes: ["email","openid","https://www.googleapis.com/auth/cloudplatformprojects.readonly","https://www.googleapis.com/auth/firebase","https://www.googleapis.com/auth/cloud-platform"]
[debug] [2017-11-04T17:49:58.726Z] > authorizing via signed-in user
[debug] [2017-11-04T17:49:58.727Z] > refreshing access token with scopes: ["email","https://www.googleapis.com/auth/cloud-platform","https://www.googleapis.com/auth/cloudplatformprojects.readonly","https://www.googleapis.com/auth/firebase","openid"]
[debug] [2017-11-04T17:49:58.728Z] >>> HTTP REQUEST POST https://www.googleapis.com/oauth2/v3/token { refresh_token: '1/HPbeROtwAh5MGP2IsEvxNdGKT3SWCjCS5VFPA3-txX8',
  client_id: '563584335869-fgrhgmd47bqnekij5i8b5pr03ho849e6.apps.googleusercontent.com',
  client_secret: 'j9iVZfS8kkCEFUPaAeJV0sAi',
  grant_type: 'refresh_token',
  scope: 'email https://www.googleapis.com/auth/cloud-platform https://www.googleapis.com/auth/cloudplatformprojects.readonly https://www.googleapis.com/auth/firebase openid' } 
 Sat Nov 04 2017 13:49:58 GMT-0400 (Eastern Daylight Time)
[debug] [2017-11-04T17:49:59.564Z] <<< HTTP RESPONSE 200
[debug] [2017-11-04T17:49:59.714Z] >>> HTTP REQUEST GET https://admin.firebase.com/v1/projects/inf1183-a4ebc  
 Sat Nov 04 2017 13:49:59 GMT-0400 (Eastern Daylight Time)
[debug] [2017-11-04T17:50:00.361Z] <<< HTTP RESPONSE 200
[debug] [2017-11-04T17:50:00.362Z] >>> HTTP REQUEST GET https://admin.firebase.com/v1/database/inf1183-a4ebc/tokens  
 Sat Nov 04 2017 13:50:00 GMT-0400 (Eastern Daylight Time)
[debug] [2017-11-04T17:50:00.917Z] <<< HTTP RESPONSE 200
[info] 2
[info] 
[info] === Deploying to 'inf1183-a4ebc'...
[info] 
[info] i  deploying functions, hosting
[debug] [2017-11-04T17:50:01.550Z] > [functions] package.json contents: {
  "name": "functions",
  "description": "Cloud Functions for Firebase",
  "dependencies": {
    "@sendgrid/mail": "^6.1.4",
    "firebase-admin": "~5.4.0",
    "firebase-functions": "^0.7.0",
    "sendgrid": "^5.2.3",
    "stripe": "^5.2.0"
  },
  "private": true
}
[info] i  functions: ensuring necessary APIs are enabled...
[info] i  runtimeconfig: ensuring necessary APIs are enabled...
[debug] [2017-11-04T17:50:01.551Z] >>> HTTP REQUEST GET https://servicemanagement.googleapis.com/v1/services/cloudfunctions.googleapis.com/projectSettings/inf1183-a4ebc?view=CONSUMER_VIEW  
 Sat Nov 04 2017 13:50:01 GMT-0400 (Eastern Daylight Time)
[debug] [2017-11-04T17:50:01.551Z] >>> HTTP REQUEST GET https://servicemanagement.googleapis.com/v1/services/runtimeconfig.googleapis.com/projectSettings/inf1183-a4ebc?view=CONSUMER_VIEW  
 Sat Nov 04 2017 13:50:01 GMT-0400 (Eastern Daylight Time)
[debug] [2017-11-04T17:50:02.186Z] <<< HTTP RESPONSE 200
[info] +  runtimeconfig: all necessary APIs are enabled
[debug] [2017-11-04T17:50:02.209Z] <<< HTTP RESPONSE 200
[info] +  functions: all necessary APIs are enabled
[debug] [2017-11-04T17:50:02.211Z] >>> HTTP REQUEST GET https://appengine.googleapis.com/v1/apps/inf1183-a4ebc  
 Sat Nov 04 2017 13:50:02 GMT-0400 (Eastern Daylight Time)
[debug] [2017-11-04T17:50:02.212Z] >>> HTTP REQUEST GET https://apikeys.googleapis.com/v1/projects/inf1183-a4ebc/apiKeys  
 Sat Nov 04 2017 13:50:02 GMT-0400 (Eastern Daylight Time)
[debug] [2017-11-04T17:50:02.679Z] <<< HTTP RESPONSE 200
[debug] [2017-11-04T17:50:02.719Z] <<< HTTP RESPONSE 200
